Logfile initialized
[INFO] logfile = /Users/flunardelli/Documents/Titanium Studio Workspace/Fisl/build.log
[DEBUG] /Library/Application Support/Titanium/mobilesdk/osx/1.7.0/android/builder.py simulator Fisl /Developer/android-sdk-mac_86 /Users/flunardelli/Documents/Titanium Studio Workspace/Fisl com.lumea.fisl 8 HVGA 
[INFO] Building Fisl for Android ... one moment
[INFO] Titanium SDK version: 1.7.0 (05/11/11 16:54 578e1df...)
[DEBUG] Waiting for device to be ready ...
[TRACE] adb devices returned 1 devices/emulators
[TRACE] adb devices returned 1 devices/emulators
[TRACE] adb devices returned 1 devices/emulators
[TRACE] adb devices returned 1 devices/emulators
[TRACE] adb devices returned 1 devices/emulators
[DEBUG] Device connected... (waited 10 seconds)
[DEBUG] waited 10.027248 seconds on emulator to get ready
[INFO] Waiting for the Android Emulator to become available
[TRACE] adb devices returned 1 devices/emulators
[DEBUG] Device connected... (waited 40 seconds)
[DEBUG] waited 40.889895 seconds on emulator to get ready
[INFO] Waiting for the Android Emulator to become available
[ERROR] Timed out waiting for android.process.acore
[DEBUG] com.lumea.fisl installed? False
[INFO] Fastdev server running, deploying in Fastdev mode
[INFO] Copying project resources..
[TRACE] COPYING CREATED FILE: /Users/flunardelli/Documents/Titanium Studio Workspace/Fisl/Resources/images/custom_tableview/blue_drink.png => /Users/flunardelli/Documents/Titanium Studio Workspace/Fisl/build/android/bin/assets/Resources/images/custom_tableview/blue_drink.png
[TRACE] COPYING CREATED FILE: /Users/flunardelli/Documents/Titanium Studio Workspace/Fisl/Resources/images/custom_tableview/blue_edit.png => /Users/flunardelli/Documents/Titanium Studio Workspace/Fisl/build/android/bin/assets/Resources/images/custom_tableview/blue_edit.png
[TRACE] COPYING CREATED FILE: /Users/flunardelli/Documents/Titanium Studio Workspace/Fisl/Resources/images/custom_tableview/blue_email.png => /Users/flunardelli/Documents/Titanium Studio Workspace/Fisl/build/android/bin/assets/Resources/images/custom_tableview/blue_email.png
[TRACE] COPYING CREATED FILE: /Users/flunardelli/Documents/Titanium Studio Workspace/Fisl/Resources/images/custom_tableview/commentButton.png => /Users/flunardelli/Documents/Titanium Studio Workspace/Fisl/build/android/bin/assets/Resources/images/custom_tableview/commentButton.png
[TRACE] COPYING CREATED FILE: /Users/flunardelli/Documents/Titanium Studio Workspace/Fisl/Resources/images/custom_tableview/eventsButton.png => /Users/flunardelli/Documents/Titanium Studio Workspace/Fisl/build/android/bin/assets/Resources/images/custom_tableview/eventsButton.png
[TRACE] COPYING CREATED FILE: /Users/flunardelli/Documents/Titanium Studio Workspace/Fisl/Resources/images/custom_tableview/notificationBadge.png => /Users/flunardelli/Documents/Titanium Studio Workspace/Fisl/build/android/bin/assets/Resources/images/custom_tableview/notificationBadge.png
[TRACE] COPYING CREATED FILE: /Users/flunardelli/Documents/Titanium Studio Workspace/Fisl/Resources/images/custom_tableview/notificationUnreadBadge.png => /Users/flunardelli/Documents/Titanium Studio Workspace/Fisl/build/android/bin/assets/Resources/images/custom_tableview/notificationUnreadBadge.png
[TRACE] COPYING CREATED FILE: /Users/flunardelli/Documents/Titanium Studio Workspace/Fisl/Resources/images/custom_tableview/user.png => /Users/flunardelli/Documents/Titanium Studio Workspace/Fisl/build/android/bin/assets/Resources/images/custom_tableview/user.png
[TRACE] COPYING MODIFIED FILE: /Users/flunardelli/Documents/Titanium Studio Workspace/Fisl/Resources/win1.js => /Users/flunardelli/Documents/Titanium Studio Workspace/Fisl/build/android/bin/assets/Resources/win1.js
[TRACE] Generating Java Classes
[DEBUG] Processing Android resource drawables
[DEBUG] copying app icon: /Users/flunardelli/Documents/Titanium Studio Workspace/Fisl/build/android/bin/assets/Resources/appicon.png
[DEBUG] generating theme.xml
[DEBUG] found drawable-long-land-hdpi splash screen at /Users/flunardelli/Documents/Titanium Studio Workspace/Fisl/Resources/android/images/res-long-land-hdpi/default.png
[DEBUG] copying /Users/flunardelli/Documents/Titanium Studio Workspace/Fisl/Resources/android/images/res-long-land-hdpi/default.png splash screen to /Users/flunardelli/Documents/Titanium Studio Workspace/Fisl/build/android/res/drawable-long-land-hdpi/background.png
[DEBUG] found drawable-long-land-ldpi splash screen at /Users/flunardelli/Documents/Titanium Studio Workspace/Fisl/Resources/android/images/res-long-land-ldpi/default.png
[DEBUG] copying /Users/flunardelli/Documents/Titanium Studio Workspace/Fisl/Resources/android/images/res-long-land-ldpi/default.png splash screen to /Users/flunardelli/Documents/Titanium Studio Workspace/Fisl/build/android/res/drawable-long-land-ldpi/background.png
[DEBUG] found drawable-long-port-hdpi splash screen at /Users/flunardelli/Documents/Titanium Studio Workspace/Fisl/Resources/android/images/res-long-port-hdpi/default.png
[DEBUG] copying /Users/flunardelli/Documents/Titanium Studio Workspace/Fisl/Resources/android/images/res-long-port-hdpi/default.png splash screen to /Users/flunardelli/Documents/Titanium Studio Workspace/Fisl/build/android/res/drawable-long-port-hdpi/background.png
[DEBUG] found drawable-long-port-ldpi splash screen at /Users/flunardelli/Documents/Titanium Studio Workspace/Fisl/Resources/android/images/res-long-port-ldpi/default.png
[DEBUG] copying /Users/flunardelli/Documents/Titanium Studio Workspace/Fisl/Resources/android/images/res-long-port-ldpi/default.png splash screen to /Users/flunardelli/Documents/Titanium Studio Workspace/Fisl/build/android/res/drawable-long-port-ldpi/background.png
[DEBUG] found drawable-notlong-land-hdpi splash screen at /Users/flunardelli/Documents/Titanium Studio Workspace/Fisl/Resources/android/images/res-notlong-land-hdpi/default.png
[DEBUG] copying /Users/flunardelli/Documents/Titanium Studio Workspace/Fisl/Resources/android/images/res-notlong-land-hdpi/default.png splash screen to /Users/flunardelli/Documents/Titanium Studio Workspace/Fisl/build/android/res/drawable-notlong-land-hdpi/background.png
[DEBUG] found drawable-notlong-land-ldpi splash screen at /Users/flunardelli/Documents/Titanium Studio Workspace/Fisl/Resources/android/images/res-notlong-land-ldpi/default.png
[DEBUG] copying /Users/flunardelli/Documents/Titanium Studio Workspace/Fisl/Resources/android/images/res-notlong-land-ldpi/default.png splash screen to /Users/flunardelli/Documents/Titanium Studio Workspace/Fisl/build/android/res/drawable-notlong-land-ldpi/background.png
[DEBUG] found drawable-notlong-land-mdpi splash screen at /Users/flunardelli/Documents/Titanium Studio Workspace/Fisl/Resources/android/images/res-notlong-land-mdpi/default.png
[DEBUG] copying /Users/flunardelli/Documents/Titanium Studio Workspace/Fisl/Resources/android/images/res-notlong-land-mdpi/default.png splash screen to /Users/flunardelli/Documents/Titanium Studio Workspace/Fisl/build/android/res/drawable-notlong-land-mdpi/background.png
[DEBUG] found drawable-notlong-port-hdpi splash screen at /Users/flunardelli/Documents/Titanium Studio Workspace/Fisl/Resources/android/images/res-notlong-port-hdpi/default.png
[DEBUG] copying /Users/flunardelli/Documents/Titanium Studio Workspace/Fisl/Resources/android/images/res-notlong-port-hdpi/default.png splash screen to /Users/flunardelli/Documents/Titanium Studio Workspace/Fisl/build/android/res/drawable-notlong-port-hdpi/background.png
[DEBUG] found drawable-notlong-port-ldpi splash screen at /Users/flunardelli/Documents/Titanium Studio Workspace/Fisl/Resources/android/images/res-notlong-port-ldpi/default.png
[DEBUG] copying /Users/flunardelli/Documents/Titanium Studio Workspace/Fisl/Resources/android/images/res-notlong-port-ldpi/default.png splash screen to /Users/flunardelli/Documents/Titanium Studio Workspace/Fisl/build/android/res/drawable-notlong-port-ldpi/background.png
[DEBUG] found drawable-notlong-port-mdpi splash screen at /Users/flunardelli/Documents/Titanium Studio Workspace/Fisl/Resources/android/images/res-notlong-port-mdpi/default.png
[DEBUG] copying /Users/flunardelli/Documents/Titanium Studio Workspace/Fisl/Resources/android/images/res-notlong-port-mdpi/default.png splash screen to /Users/flunardelli/Documents/Titanium Studio Workspace/Fisl/build/android/res/drawable-notlong-port-mdpi/background.png
[DEBUG] found splash screen at /Users/flunardelli/Documents/Titanium Studio Workspace/Fisl/build/android/bin/assets/Resources/default.png
[TRACE] Writing out AndroidManifest.xml
[ERROR] Timed out waiting for android.process.acore
[DEBUG] com.lumea.fisl installed? False
[INFO] Fastdev server running, deploying in Fastdev mode
[INFO] Copying project resources..
[TRACE] Generating Java Classes
[DEBUG] Processing Android resource drawables
[DEBUG] copying app icon: /Users/flunardelli/Documents/Titanium Studio Workspace/Fisl/build/android/bin/assets/Resources/appicon.png
[DEBUG] generating theme.xml
[DEBUG] found drawable-long-land-hdpi splash screen at /Users/flunardelli/Documents/Titanium Studio Workspace/Fisl/Resources/android/images/res-long-land-hdpi/default.png
[DEBUG] copying /Users/flunardelli/Documents/Titanium Studio Workspace/Fisl/Resources/android/images/res-long-land-hdpi/default.png splash screen to /Users/flunardelli/Documents/Titanium Studio Workspace/Fisl/build/android/res/drawable-long-land-hdpi/background.png
[DEBUG] found drawable-long-land-ldpi splash screen at /Users/flunardelli/Documents/Titanium Studio Workspace/Fisl/Resources/android/images/res-long-land-ldpi/default.png
[DEBUG] copying /Users/flunardelli/Documents/Titanium Studio Workspace/Fisl/Resources/android/images/res-long-land-ldpi/default.png splash screen to /Users/flunardelli/Documents/Titanium Studio Workspace/Fisl/build/android/res/drawable-long-land-ldpi/background.png
[DEBUG] found drawable-long-port-hdpi splash screen at /Users/flunardelli/Documents/Titanium Studio Workspace/Fisl/Resources/android/images/res-long-port-hdpi/default.png
[DEBUG] copying /Users/flunardelli/Documents/Titanium Studio Workspace/Fisl/Resources/android/images/res-long-port-hdpi/default.png splash screen to /Users/flunardelli/Documents/Titanium Studio Workspace/Fisl/build/android/res/drawable-long-port-hdpi/background.png
[DEBUG] found drawable-long-port-ldpi splash screen at /Users/flunardelli/Documents/Titanium Studio Workspace/Fisl/Resources/android/images/res-long-port-ldpi/default.png
[DEBUG] copying /Users/flunardelli/Documents/Titanium Studio Workspace/Fisl/Resources/android/images/res-long-port-ldpi/default.png splash screen to /Users/flunardelli/Documents/Titanium Studio Workspace/Fisl/build/android/res/drawable-long-port-ldpi/background.png
[DEBUG] found drawable-notlong-land-hdpi splash screen at /Users/flunardelli/Documents/Titanium Studio Workspace/Fisl/Resources/android/images/res-notlong-land-hdpi/default.png
[DEBUG] copying /Users/flunardelli/Documents/Titanium Studio Workspace/Fisl/Resources/android/images/res-notlong-land-hdpi/default.png splash screen to /Users/flunardelli/Documents/Titanium Studio Workspace/Fisl/build/android/res/drawable-notlong-land-hdpi/background.png
[DEBUG] found drawable-notlong-land-ldpi splash screen at /Users/flunardelli/Documents/Titanium Studio Workspace/Fisl/Resources/android/images/res-notlong-land-ldpi/default.png
[DEBUG] copying /Users/flunardelli/Documents/Titanium Studio Workspace/Fisl/Resources/android/images/res-notlong-land-ldpi/default.png splash screen to /Users/flunardelli/Documents/Titanium Studio Workspace/Fisl/build/android/res/drawable-notlong-land-ldpi/background.png
[DEBUG] found drawable-notlong-land-mdpi splash screen at /Users/flunardelli/Documents/Titanium Studio Workspace/Fisl/Resources/android/images/res-notlong-land-mdpi/default.png
[DEBUG] copying /Users/flunardelli/Documents/Titanium Studio Workspace/Fisl/Resources/android/images/res-notlong-land-mdpi/default.png splash screen to /Users/flunardelli/Documents/Titanium Studio Workspace/Fisl/build/android/res/drawable-notlong-land-mdpi/background.png
[DEBUG] found drawable-notlong-port-hdpi splash screen at /Users/flunardelli/Documents/Titanium Studio Workspace/Fisl/Resources/android/images/res-notlong-port-hdpi/default.png
[DEBUG] copying /Users/flunardelli/Documents/Titanium Studio Workspace/Fisl/Resources/android/images/res-notlong-port-hdpi/default.png splash screen to /Users/flunardelli/Documents/Titanium Studio Workspace/Fisl/build/android/res/drawable-notlong-port-hdpi/background.png
[DEBUG] found drawable-notlong-port-ldpi splash screen at /Users/flunardelli/Documents/Titanium Studio Workspace/Fisl/Resources/android/images/res-notlong-port-ldpi/default.png
[DEBUG] copying /Users/flunardelli/Documents/Titanium Studio Workspace/Fisl/Resources/android/images/res-notlong-port-ldpi/default.png splash screen to /Users/flunardelli/Documents/Titanium Studio Workspace/Fisl/build/android/res/drawable-notlong-port-ldpi/background.png
[DEBUG] found drawable-notlong-port-mdpi splash screen at /Users/flunardelli/Documents/Titanium Studio Workspace/Fisl/Resources/android/images/res-notlong-port-mdpi/default.png
[DEBUG] copying /Users/flunardelli/Documents/Titanium Studio Workspace/Fisl/Resources/android/images/res-notlong-port-mdpi/default.png splash screen to /Users/flunardelli/Documents/Titanium Studio Workspace/Fisl/build/android/res/drawable-notlong-port-mdpi/background.png
[DEBUG] found splash screen at /Users/flunardelli/Documents/Titanium Studio Workspace/Fisl/build/android/bin/assets/Resources/default.png
[TRACE] Writing out AndroidManifest.xml
[DEBUG] adding /Users/flunardelli/Documents/Titanium Studio Workspace/Fisl/build/android/gen/com/lumea/fisl/FislActivity.java to javac build list
[DEBUG] adding /Users/flunardelli/Documents/Titanium Studio Workspace/Fisl/build/android/gen/com/lumea/fisl/FislAppInfo.java to javac build list
[DEBUG] adding /Users/flunardelli/Documents/Titanium Studio Workspace/Fisl/build/android/gen/com/lumea/fisl/FislApplication.java to javac build list
[DEBUG] adding /Users/flunardelli/Documents/Titanium Studio Workspace/Fisl/build/android/gen/com/lumea/fisl/R.java to javac build list
[DEBUG] Building Java Sources: "/Users/flunardelli/Documents/Titanium Studio Workspace/Fisl/build/android/gen/com/lumea/fisl/FislActivity.java" "/Users/flunardelli/Documents/Titanium Studio Workspace/Fisl/build/android/gen/com/lumea/fisl/FislAppInfo.java" "/Users/flunardelli/Documents/Titanium Studio Workspace/Fisl/build/android/gen/com/lumea/fisl/FislApplication.java" "/Users/flunardelli/Documents/Titanium Studio Workspace/Fisl/build/android/gen/com/lumea/fisl/R.java"
[INFO] Waiting for SDCard to become available..
[INFO] Waiting for SDCard to become available..
[INFO] Compiling Android Resources... This could take some time
[ERROR] Exception occured while building Android project:
[ERROR] Traceback (most recent call last):
[ERROR]   File "/Library/Application Support/Titanium/mobilesdk/osx/1.7.0/android/builder.py", line 1945, in <module>
[ERROR]     s.build_and_run(False, avd_id, debugger_host=debugger_host)
[ERROR]   File "/Library/Application Support/Titanium/mobilesdk/osx/1.7.0/android/builder.py", line 1758, in build_and_run
[ERROR]     self.push_deploy_json()
[ERROR]   File "/Library/Application Support/Titanium/mobilesdk/osx/1.7.0/android/builder.py", line 1470, in push_deploy_json
[ERROR]     os.unlink(deploy_json)
[ERROR] OSError: [Errno 2] No such file or directory: '/Users/flunardelli/Documents/Titanium Studio Workspace/Fisl/build/android/bin/deploy.json'
[DEBUG] Android classes.dex built
[DEBUG] creating unsigned apk: /Users/flunardelli/Documents/Titanium Studio Workspace/Fisl/build/android/bin/app-unsigned.apk
[DEBUG] from resource zip => assets/Resources/images/custom_tableview/blue_drink.png
[DEBUG] from resource zip => assets/Resources/images/custom_tableview/blue_edit.png
[DEBUG] from resource zip => assets/Resources/images/custom_tableview/blue_email.png
[DEBUG] from resource zip => assets/Resources/images/custom_tableview/commentButton.png
[DEBUG] from resource zip => assets/Resources/images/custom_tableview/eventsButton.png
[DEBUG] from resource zip => assets/Resources/images/custom_tableview/notificationBadge.png
[DEBUG] from resource zip => assets/Resources/images/custom_tableview/notificationUnreadBadge.png
[DEBUG] from resource zip => assets/Resources/images/custom_tableview/user.png
[DEBUG] from resource zip => assets/Resources/KS_nav_ui.png
[DEBUG] from resource zip => assets/Resources/KS_nav_views.png
[DEBUG] from resource zip => assets/Resources/app.js
[DEBUG] from resource zip => assets/Resources/appicon.png
[DEBUG] from resource zip => assets/Resources/default.png
[DEBUG] from resource zip => assets/Resources/win1.js
[DEBUG] from resource zip => assets/tiapp.xml
[DEBUG] from resource zip => res/drawable/appicon.png
[DEBUG] from resource zip => res/drawable/background.png
[DEBUG] from resource zip => res/drawable/facebook_icon.png
[DEBUG] from resource zip => res/drawable/facebook_login.png
[DEBUG] from resource zip => res/drawable/facebook_login_down.png
[DEBUG] from resource zip => res/drawable/facebook_login_wide.png
[DEBUG] from resource zip => res/drawable/facebook_login_wide_down.png
[DEBUG] from resource zip => res/drawable/facebook_logout.png
[DEBUG] from resource zip => res/drawable/facebook_logout_down.png
[DEBUG] from resource zip => res/layout/titanium_tabgroup.xml
[DEBUG] from resource zip => AndroidManifest.xml
[DEBUG] from resource zip => resources.arsc
[DEBUG] from resource zip => res/drawable-hdpi/facebook_icon.png
[DEBUG] from resource zip => res/drawable-ldpi/facebook_icon.png
[DEBUG] from resource zip => res/drawable-long-land-hdpi/background.png
[DEBUG] from resource zip => res/drawable-long-land-ldpi/background.png
[DEBUG] from resource zip => res/drawable-long-port-hdpi/background.png
[DEBUG] from resource zip => res/drawable-long-port-ldpi/background.png
[DEBUG] from resource zip => res/drawable-notlong-land-hdpi/background.png
[DEBUG] from resource zip => res/drawable-notlong-land-ldpi/background.png
[DEBUG] from resource zip => res/drawable-notlong-land-mdpi/background.png
[DEBUG] from resource zip => res/drawable-notlong-port-hdpi/background.png
[DEBUG] from resource zip => res/drawable-notlong-port-ldpi/background.png
[DEBUG] from resource zip => res/drawable-notlong-port-mdpi/background.png
[DEBUG] from JAR /Library/Application Support/Titanium/mobilesdk/osx/1.7.0/android/modules/titanium-yahoo.jar => ti/modules/titanium/yahoo/yahoo.js
[DEBUG] from JAR /Library/Application Support/Titanium/mobilesdk/osx/1.7.0/android/titanium.jar => org/apache/Commons-NOTICE.txt
[DEBUG] from JAR /Library/Application Support/Titanium/mobilesdk/osx/1.7.0/android/titanium.jar => org/apache/HttpComponents-NOTICE.txt
[DEBUG] from JAR /Library/Application Support/Titanium/mobilesdk/osx/1.7.0/android/titanium.jar => org/apache/mime4j-NOTICE.txt
[DEBUG] from JAR /Library/Application Support/Titanium/mobilesdk/osx/1.7.0/android/titanium.jar => org/appcelerator/titanium/build.properties
[DEBUG] from JAR /Library/Application Support/Titanium/mobilesdk/osx/1.7.0/android/titanium.jar => org/appcelerator/titanium/res/drawable/background.png
[DEBUG] from JAR /Library/Application Support/Titanium/mobilesdk/osx/1.7.0/android/titanium.jar => org/appcelerator/titanium/res/drawable/btn_check_buttonless_on.png
[DEBUG] from JAR /Library/Application Support/Titanium/mobilesdk/osx/1.7.0/android/titanium.jar => org/appcelerator/titanium/res/drawable/btn_check_buttonless_on_18.png
[DEBUG] from JAR /Library/Application Support/Titanium/mobilesdk/osx/1.7.0/android/titanium.jar => org/appcelerator/titanium/res/drawable/btn_check_buttonless_on_48.png
[DEBUG] from JAR /Library/Application Support/Titanium/mobilesdk/osx/1.7.0/android/titanium.jar => org/appcelerator/titanium/res/drawable/btn_more.png
[DEBUG] from JAR /Library/Application Support/Titanium/mobilesdk/osx/1.7.0/android/titanium.jar => org/appcelerator/titanium/res/drawable/btn_more_18.png
[DEBUG] from JAR /Library/Application Support/Titanium/mobilesdk/osx/1.7.0/android/titanium.jar => org/appcelerator/titanium/res/drawable/btn_more_48.png
[DEBUG] from JAR /Library/Application Support/Titanium/mobilesdk/osx/1.7.0/android/titanium.jar => org/appcelerator/titanium/res/drawable/btn_picker_normal.9.png
[DEBUG] from JAR /Library/Application Support/Titanium/mobilesdk/osx/1.7.0/android/titanium.jar => org/appcelerator/titanium/res/drawable/btn_picker_pressed.9.png
[DEBUG] from JAR /Library/Application Support/Titanium/mobilesdk/osx/1.7.0/android/titanium.jar => org/appcelerator/titanium/res/drawable/btn_picker_selected.9.png
[DEBUG] from JAR /Library/Application Support/Titanium/mobilesdk/osx/1.7.0/android/titanium.jar => org/appcelerator/titanium/res/drawable/default_icon.png
[DEBUG] from JAR /Library/Application Support/Titanium/mobilesdk/osx/1.7.0/android/titanium.jar => org/appcelerator/titanium/res/drawable/photoDefault.png
[DEBUG] from JAR /Library/Application Support/Titanium/mobilesdk/osx/1.7.0/android/smalljs.jar => org/mozilla/javascript/resources/Messages.properties
[DEBUG] from JAR /Library/Application Support/Titanium/mobilesdk/osx/1.7.0/android/smalljs.jar => org/mozilla/javascript/resources/Messages_fr.properties
[DEBUG] from JAR /Library/Application Support/Titanium/mobilesdk/osx/1.7.0/android/modules/titanium-facebook.jar => ti/modules/titanium/facebook/LICENSE
[DEBUG] from JAR /Library/Application Support/Titanium/mobilesdk/osx/1.7.0/android/modules/titanium-ui.jar => ti/modules/titanium/ui/widget/webview/binding.js
[DEBUG] from JAR /Library/Application Support/Titanium/mobilesdk/osx/1.7.0/android/modules/titanium-ui.jar => ti/modules/titanium/ui/widget/webview/binding.min.js
[DEBUG] from JAR /Library/Application Support/Titanium/mobilesdk/osx/1.7.0/android/modules/titanium-ui.jar => ti/modules/titanium/ui/widget/webview/json2.js
[DEBUG] Waiting for device to be ready ...
[TRACE] adb devices returned 1 devices/emulators
[DEBUG] Device connected... (waited 0 seconds)
[DEBUG] waited 0.009805 seconds on emulator to get ready
[INFO] Installing application on device
[INFO] Launching application ... Fisl
[TRACE] Launch output: Starting: Intent { act=android.intent.action.MAIN cat=[android.intent.category.LAUNCHER] cmp=com.lumea.fisl/.FislActivity }

[INFO] Deployed Fisl ... Application should be running.
[INFO] Android Emulator has exited
